<?xml version="1.0" encoding="UTF-8"?>
<!-- Generated by org.testng.reporters.JUnitReportReporter -->
<testsuite skipped="0" hostname="Farrahs-MacBook-Air.local" name="com.class04.SauceParametersTask" tests="2" failures="0" timestamp="07 Jun 2019 01:19:03 GMT" time="6.449" errors="0">
  <testcase name="UserName2" time="3.592" classname="com.class04.SauceParametersTask"/>
  <testcase name="UserName1" time="2.857" classname="com.class04.SauceParametersTask"/>
</testsuite> <!-- com.class04.SauceParametersTask -->
