<?xml version="1.0" encoding="UTF-8"?>
<!-- Generated by org.testng.reporters.JUnitReportReporter -->
<testsuite skipped="0" hostname="Farrahs-MacBook-Air.local" name="com.class04.SauceGroupsTask" tests="1" failures="0" timestamp="07 Jun 2019 00:44:28 GMT" time="4.089" errors="0">
  <testcase name="UserName1" time="4.089" classname="com.class04.SauceGroupsTask"/>
</testsuite> <!-- com.class04.SauceGroupsTask -->
