<?xml version="1.0" encoding="UTF-8"?>
<!-- Generated by org.testng.reporters.JUnitReportReporter -->
<testsuite skipped="0" hostname="Farrahs-MacBook-Air.local" name="com.class02.PriortyExampleTwo" tests="2" failures="0" timestamp="31 May 2019 01:18:30 GMT" time="2.727" errors="0">
  <testcase name="login" time="0.674" classname="com.class02.PriortyExampleTwo"/>
  <testcase name="mainPage" time="2.053" classname="com.class02.PriortyExampleTwo"/>
</testsuite> <!-- com.class02.PriortyExampleTwo -->
