<?xml version="1.0" encoding="UTF-8"?>
<!-- Generated by org.testng.reporters.JUnitReportReporter -->
<testsuite skipped="0" hostname="Farrahs-MacBook-Air.local" name="com.class03.BasicXMLPartOne" tests="3" failures="0" timestamp="06 Jun 2019 00:50:34 GMT" time="0.021" errors="0">
  <testcase name="testOneFromBasic1" time="0.014" classname="com.class03.BasicXMLPartOne"/>
  <testcase name="testThirdFromBasic1" time="0.005" classname="com.class03.BasicXMLPartOne"/>
  <testcase name="testSecondFromBasic1" time="0.002" classname="com.class03.BasicXMLPartOne"/>
</testsuite> <!-- com.class03.BasicXMLPartOne -->
