<?xml version="1.0" encoding="UTF-8"?>
<!-- Generated by org.testng.reporters.JUnitReportReporter -->
<testsuite skipped="0" hostname="Farrahs-MacBook-Air.local" name="com.class01.TestNG" tests="3" failures="0" timestamp="29 May 2019 01:17:11 GMT" time="0.015" errors="0">
  <testcase name="a" time="0.012" classname="com.class01.TestNG"/>
  <testcase name="test" time="0.001" classname="com.class01.TestNG"/>
  <testcase name="b" time="0.002" classname="com.class01.TestNG"/>
</testsuite> <!-- com.class01.TestNG -->
