<?xml version="1.0" encoding="UTF-8"?>
<!-- Generated by org.testng.reporters.JUnitReportReporter -->
<testsuite skipped="0" hostname="Farrahs-MacBook-Air.local" name="com.class03.DependsOnMethods" tests="3" failures="0" timestamp="06 Jun 2019 01:56:39 GMT" time="0.018" errors="0">
  <testcase name="three" time="0.003" classname="com.class03.DependsOnMethods"/>
  <testcase name="one" time="0.013" classname="com.class03.DependsOnMethods"/>
  <testcase name="two" time="0.002" classname="com.class03.DependsOnMethods"/>
</testsuite> <!-- com.class03.DependsOnMethods -->
