<?xml version="1.0" encoding="UTF-8"?>
<!-- Generated by org.testng.reporters.JUnitReportReporter -->
<testsuite skipped="0" hostname="Farrahs-MacBook-Air.local" name="com.class04.NewToursExample" tests="3" failures="0" timestamp="06 Jun 2019 23:29:44 GMT" time="2.114" errors="0">
  <testcase name="contactinfo" time="0.585" classname="com.class04.NewToursExample"/>
  <testcase name="userInformation" time="1.028" classname="com.class04.NewToursExample"/>
  <testcase name="maılıngınfo" time="0.501" classname="com.class04.NewToursExample"/>
</testsuite> <!-- com.class04.NewToursExample -->
