<?xml version="1.0" encoding="UTF-8"?>
<!-- Generated by org.testng.reporters.JUnitReportReporter -->
<testsuite skipped="0" hostname="Farrahs-MacBook-Air.local" name="com.class01.BeforeAndAfterMethod" tests="2" failures="0" timestamp="29 May 2019 01:28:40 GMT" time="0.017" errors="0">
  <testcase name="testMethodOne" time="0.007" classname="com.class01.BeforeAndAfterMethod"/>
  <testcase name="testMethodTwo" time="0.010" classname="com.class01.BeforeAndAfterMethod"/>
</testsuite> <!-- com.class01.BeforeAndAfterMethod -->
