<?xml version="1.0" encoding="UTF-8"?>
<!-- Generated by org.testng.reporters.JUnitReportReporter -->
<testsuite skipped="0" hostname="Farrahs-MacBook-Air.local" name="com.class04.DataProviderExample" tests="4" failures="0" timestamp="07 Jun 2019 02:02:25 GMT" time="25.006" errors="0">
  <testcase name="getData" time="5.551" classname="com.class04.DataProviderExample"/>
  <testcase name="getData" time="6.468" classname="com.class04.DataProviderExample"/>
  <testcase name="getData" time="6.836" classname="com.class04.DataProviderExample"/>
  <testcase name="getData" time="6.151" classname="com.class04.DataProviderExample"/>
</testsuite> <!-- com.class04.DataProviderExample -->
