<?xml version="1.0" encoding="UTF-8"?>
<!-- Generated by org.testng.reporters.JUnitReportReporter -->
<testsuite skipped="0" hostname="Farrahs-MacBook-Air.local" name="com.class01.TestNGHW" tests="1" failures="0" timestamp="29 May 2019 21:31:59 GMT" time="5.065" errors="0">
  <testcase name="login" time="5.065" classname="com.class01.TestNGHW"/>
</testsuite> <!-- com.class01.TestNGHW -->
